<?xml version="1.0" encoding="UTF-8"?>
<testng-results ignored="0" total="1" passed="1" failed="0" skipped="0">
  <reporter-output>
  </reporter-output>
  <suite started-at="2024-05-09T01:03:42 IST" name="Suite" finished-at="2024-05-09T01:03:49 IST" duration-ms="7634">
    <groups>
    </groups>
    <test started-at="2024-05-09T01:03:42 IST" name="Test" finished-at="2024-05-09T01:03:49 IST" duration-ms="7634">
      <class name="com.guru99.tests.loginTests">
        <test-method is-config="true" signature="preSetup()[pri:0, instance:com.guru99.tests.loginTests@6f03482]" started-at="2024-05-09T01:03:42 IST" name="preSetup" finished-at="2024-05-09T01:03:42 IST" duration-ms="10" status="PASS">
          <reporter-output>
          </reporter-output>
        </test-method> <!-- preSetup -->
        <test-method is-config="true" signature="setup()[pri:0, instance:com.guru99.tests.loginTests@6f03482]" started-at="2024-05-09T01:03:42 IST" name="setup" finished-at="2024-05-09T01:03:48 IST" duration-ms="5683" status="PASS">
          <reporter-output>
          </reporter-output>
        </test-method> <!-- setup -->
        <test-method signature="verifyUserLoginWithCorrectCredentials(java.lang.String,java.lang.String)[pri:0, instance:com.guru99.tests.loginTests@6f03482]" started-at="2024-05-09T01:03:48 IST" name="verifyUserLoginWithCorrectCredentials" finished-at="2024-05-09T01:03:49 IST" duration-ms="1739" status="PASS">
          <params>
            <param index="0">
              <value>
                <![CDATA[mngr564345]]>
              </value>
            </param>
            <param index="1">
              <value>
                <![CDATA[egYmUpY]]>
              </value>
            </param>
          </params>
          <reporter-output>
          </reporter-output>
        </test-method> <!-- verifyUserLoginWithCorrectCredentials -->
        <test-method is-config="true" signature="tearDown()[pri:0, instance:com.guru99.tests.loginTests@6f03482]" started-at="2024-05-09T01:03:49 IST" name="tearDown" finished-at="2024-05-09T01:03:49 IST" duration-ms="185" status="PASS">
          <reporter-output>
          </reporter-output>
        </test-method> <!-- tearDown -->
      </class> <!-- com.guru99.tests.loginTests -->
    </test> <!-- Test -->
  </suite> <!-- Suite -->
</testng-results>
